2019-01-04  11:53:05.647 [main] INFO  org.springframework.boot.test.context.SpringBootTestContextBootstrapper[line-308] - Neither @ContextConfiguration nor @ContextHierarchy found for test class [com.tyyd.hadoop.HadoopApplicationTests], using SpringBootContextLoader
2019-01-04  11:53:05.662 [main] INFO  org.springframework.test.context.support.AbstractContextLoader[line-264] - Could not detect default resource locations for test class [com.tyyd.hadoop.HadoopApplicationTests]: no resource found for suffixes {-context.xml, Context.groovy}.
2019-01-04  11:53:05.664 [main] INFO  org.springframework.test.context.support.AnnotationConfigContextLoaderUtils[line-83] - Could not detect default configuration classes for test class [com.tyyd.hadoop.HadoopApplicationTests]: HadoopApplicationTests does not declare any static, non-private, non-final, nested classes annotated with @Configuration.
2019-01-04  11:53:05.866 [main] INFO  org.springframework.boot.test.context.SpringBootTestContextBootstrapper[line-247] - Found @SpringBootConfiguration com.tyyd.hadoop.HadoopApplication for test class com.tyyd.hadoop.HadoopApplicationTests
2019-01-04  11:53:06.077 [main] INFO  org.springframework.boot.test.context.SpringBootTestContextBootstrapper[line-248] - Loaded default TestExecutionListener class names from location [META-INF/spring.factories]: [org.springframework.boot.test.mock.mockito.MockitoTestExecutionListener, org.springframework.boot.test.mock.mockito.ResetMocksTestExecutionListener, org.springframework.boot.test.autoconfigure.restdocs.RestDocsTestExecutionListener, org.springframework.boot.test.autoconfigure.web.client.MockRestServiceServerResetTestExecutionListener, org.springframework.boot.test.autoconfigure.web.servlet.MockMvcPrintOnlyOnFailureTestExecutionListener, org.springframework.boot.test.autoconfigure.web.servlet.WebDriverTestExecutionListener, org.springframework.test.context.web.ServletTestExecutionListener, org.springframework.test.context.support.DirtiesContextBeforeModesTestExecutionListener, org.springframework.test.context.support.DependencyInjectionTestExecutionListener, org.springframework.test.context.support.DirtiesContextTestExecutionListener, org.springframework.test.context.transaction.TransactionalTestExecutionListener, org.springframework.test.context.jdbc.SqlScriptsTestExecutionListener]
2019-01-04  11:53:06.258 [main] INFO  org.springframework.boot.test.context.SpringBootTestContextBootstrapper[line-177] - Using TestExecutionListeners: [org.springframework.test.context.web.ServletTestExecutionListener@2205a05d, org.springframework.test.context.support.DirtiesContextBeforeModesTestExecutionListener@72ef8d15, org.springframework.boot.test.mock.mockito.MockitoTestExecutionListener@6aa8e115, org.springframework.boot.test.autoconfigure.SpringBootDependencyInjectionTestExecutionListener@5e21e98f, org.springframework.test.context.support.DirtiesContextTestExecutionListener@51a9ad5e, org.springframework.test.context.transaction.TransactionalTestExecutionListener@5f20155b, org.springframework.test.context.jdbc.SqlScriptsTestExecutionListener@72ade7e3, org.springframework.boot.test.mock.mockito.ResetMocksTestExecutionListener@239105a8, org.springframework.boot.test.autoconfigure.restdocs.RestDocsTestExecutionListener@3fce8fd9, org.springframework.boot.test.autoconfigure.web.client.MockRestServiceServerResetTestExecutionListener@609bcfb6, org.springframework.boot.test.autoconfigure.web.servlet.MockMvcPrintOnlyOnFailureTestExecutionListener@7d94beb9, org.springframework.boot.test.autoconfigure.web.servlet.WebDriverTestExecutionListener@560348e6]
2019-01-04  11:53:07.295 [main] WARN  o.s.b.t.j.DuplicateJsonObjectContextCustomizerFactory$DuplicateJsonObjectContextCustomizer[line-86] - 

Found multiple occurrences of org.json.JSONObject on the class path:

	jar:file:/F:/maven305/repo/com/vaadin/external/google/android-json/0.0.20131108.vaadin1/android-json-0.0.20131108.vaadin1.jar!/org/json/JSONObject.class
	jar:file:/F:/maven305/repo/com/tdunning/json/1.8/json-1.8.jar!/org/json/JSONObject.class

You may wish to exclude one of them to ensure predictable runtime behavior

2019-01-04  11:53:07.374 [main] INFO  com.tyyd.hadoop.HadoopApplicationTests[line-50] - Starting HadoopApplicationTests on joechen-PC with PID 6216 (started by Administrator in F:\Java8\hadoop)
2019-01-04  11:53:07.375 [main] INFO  com.tyyd.hadoop.HadoopApplicationTests[line-675] - No active profile set, falling back to default profiles: default
2019-01-04  11:53:11.292 [main] INFO  org.springframework.scheduling.concurrent.ThreadPoolTaskExecutor[line-171] - Initializing ExecutorService 'applicationTaskExecutor'
2019-01-04  11:53:12.624 [main] INFO  com.tyyd.hadoop.HadoopApplicationTests[line-59] - Started HadoopApplicationTests in 6.297 seconds (JVM running for 8.791)
2019-01-04  11:53:13.012 [Thread-2] INFO  org.springframework.scheduling.concurrent.ThreadPoolTaskExecutor[line-208] - Shutting down ExecutorService 'applicationTaskExecutor'
2019-01-04  13:28:15.609 [main] INFO  com.tyyd.hadoop.HadoopApplication[line-50] - Starting HadoopApplication on joechen-PC with PID 7052 (F:\Java8\hadoop\target\classes started by Administrator in F:\Java8\hadoop)
2019-01-04  13:28:15.617 [main] INFO  com.tyyd.hadoop.HadoopApplication[line-675] - No active profile set, falling back to default profiles: default
2019-01-04  13:28:18.655 [main] INFO  org.springframework.boot.web.embedded.tomcat.TomcatWebServer[line-90] - Tomcat initialized with port(s): 8080 (http)
2019-01-04  13:28:18.675 [main] INFO  org.apache.coyote.http11.Http11NioProtocol[line-173] - Initializing ProtocolHandler ["http-nio-8080"]
2019-01-04  13:28:18.705 [main] INFO  org.apache.catalina.core.StandardService[line-173] - Starting service [Tomcat]
2019-01-04  13:28:18.706 [main] INFO  org.apache.catalina.core.StandardEngine[line-173] - Starting Servlet Engine: Apache Tomcat/9.0.13
2019-01-04  13:28:18.724 [main] INFO  org.apache.catalina.core.AprLifecycleListener[line-173] - The APR based Apache Tomcat Native library which allows optimal performance in production environments was not found on the java.library.path: [C:\Program Files\Java\jdk1.8.0_151\bin;C:\Windows\Sun\Java\bin;C:\Windows\system32;C:\Windows;C:/Program Files/Java/jdk1.8.0_151/bin/../jre/bin/server;C:/Program Files/Java/jdk1.8.0_151/bin/../jre/bin;C:/Program Files/Java/jdk1.8.0_151/bin/../jre/lib/amd64;F:\app\Administrator\product\11.2.0\client_1\bin;F:\apache-maven-3.3.9\bin;E:\dev_tools\apache-ant-1.8.4\bin;C:\Program Files\Java\jdk1.8.0_151\bin;C:\Windows\system32;C:\Windows;C:\Windows\System32\Wbem;C:\Windows\System32\WindowsPowerShell\v1.0\;C:\Program Files (x86)\NVIDIA Corporation\PhysX\Common;;C:\Program Files\Intel\WiFi\bin\;C:\Program Files\Common Files\Intel\WirelessCommon\;D:\MySQL\MySQL Server 5.5\bin;F:\apache-maven-3.3.9\bin;D:\Program Files\TortoiseSVN\bin;D:\nodejs\;%ERLANG_HOME%\bin;D:\Program Files\PuTTY\;C:\Program Files (x86)\OpenVPN\bin;C:\Users\Administrator\AppData\Roaming\npm;F:\BaiduNetdiskDownload\eclipse;;.]
2019-01-04  13:28:18.973 [main] INFO  org.apache.catalina.core.ContainerBase.[Tomcat].[localhost].[/][line-173] - Initializing Spring embedded WebApplicationContext
2019-01-04  13:28:18.974 [main] INFO  org.springframework.web.context.ContextLoader[line-296] - Root WebApplicationContext: initialization completed in 3270 ms
2019-01-04  13:28:19.750 [main] INFO  org.springframework.scheduling.concurrent.ThreadPoolTaskExecutor[line-171] - Initializing ExecutorService 'applicationTaskExecutor'
2019-01-04  13:28:20.248 [main] INFO  org.apache.coyote.http11.Http11NioProtocol[line-173] - Starting ProtocolHandler ["http-nio-8080"]
2019-01-04  13:28:20.267 [main] INFO  org.apache.tomcat.util.net.NioSelectorPool[line-173] - Using a shared selector for servlet write/read
2019-01-04  13:28:20.298 [main] INFO  org.mortbay.log[line-67] - Logging to Logger[org.mortbay.log] via org.mortbay.log.Slf4jLog
2019-01-04  13:28:20.331 [main] INFO  org.springframework.boot.web.embedded.tomcat.TomcatWebServer[line-204] - Tomcat started on port(s): 8080 (http) with context path ''
2019-01-04  13:28:20.337 [main] INFO  com.tyyd.hadoop.HadoopApplication[line-59] - Started HadoopApplication in 5.453 seconds (JVM running for 6.589)
2019-01-04  13:28:39.051 [http-nio-8080-exec-1] INFO  org.apache.catalina.core.ContainerBase.[Tomcat].[localhost].[/][line-173] - Initializing Spring DispatcherServlet 'dispatcherServlet'
2019-01-04  13:28:39.052 [http-nio-8080-exec-1] INFO  org.springframework.web.servlet.DispatcherServlet[line-524] - Initializing Servlet 'dispatcherServlet'
2019-01-04  13:28:39.063 [http-nio-8080-exec-1] INFO  org.springframework.web.servlet.DispatcherServlet[line-546] - Completed initialization in 11 ms
2019-01-04  13:28:42.670 [http-nio-8080-exec-1] INFO  com.alibaba.druid.pool.DruidDataSource[line-106] - {dataSource-1} inited
2019-01-04  13:31:25.819 [main] INFO  com.tyyd.hadoop.HadoopApplication[line-50] - Starting HadoopApplication on joechen-PC with PID 8716 (F:\Java8\hadoop\target\classes started by Administrator in F:\Java8\hadoop)
2019-01-04  13:31:25.829 [main] INFO  com.tyyd.hadoop.HadoopApplication[line-675] - No active profile set, falling back to default profiles: default
2019-01-04  13:31:29.034 [main] INFO  org.springframework.boot.web.embedded.tomcat.TomcatWebServer[line-90] - Tomcat initialized with port(s): 8080 (http)
2019-01-04  13:31:29.051 [main] INFO  org.apache.coyote.http11.Http11NioProtocol[line-173] - Initializing ProtocolHandler ["http-nio-8080"]
2019-01-04  13:31:29.077 [main] INFO  org.apache.catalina.core.StandardService[line-173] - Starting service [Tomcat]
2019-01-04  13:31:29.077 [main] INFO  org.apache.catalina.core.StandardEngine[line-173] - Starting Servlet Engine: Apache Tomcat/9.0.13
2019-01-04  13:31:29.094 [main] INFO  org.apache.catalina.core.AprLifecycleListener[line-173] - The APR based Apache Tomcat Native library which allows optimal performance in production environments was not found on the java.library.path: [C:\Program Files\Java\jdk1.8.0_151\bin;C:\Windows\Sun\Java\bin;C:\Windows\system32;C:\Windows;C:/Program Files/Java/jdk1.8.0_151/bin/../jre/bin/server;C:/Program Files/Java/jdk1.8.0_151/bin/../jre/bin;C:/Program Files/Java/jdk1.8.0_151/bin/../jre/lib/amd64;F:\app\Administrator\product\11.2.0\client_1\bin;F:\apache-maven-3.3.9\bin;E:\dev_tools\apache-ant-1.8.4\bin;C:\Program Files\Java\jdk1.8.0_151\bin;C:\Windows\system32;C:\Windows;C:\Windows\System32\Wbem;C:\Windows\System32\WindowsPowerShell\v1.0\;C:\Program Files (x86)\NVIDIA Corporation\PhysX\Common;;C:\Program Files\Intel\WiFi\bin\;C:\Program Files\Common Files\Intel\WirelessCommon\;D:\MySQL\MySQL Server 5.5\bin;F:\apache-maven-3.3.9\bin;D:\Program Files\TortoiseSVN\bin;D:\nodejs\;%ERLANG_HOME%\bin;D:\Program Files\PuTTY\;C:\Program Files (x86)\OpenVPN\bin;C:\Users\Administrator\AppData\Roaming\npm;F:\BaiduNetdiskDownload\eclipse;;.]
2019-01-04  13:31:29.362 [main] INFO  org.apache.catalina.core.ContainerBase.[Tomcat].[localhost].[/][line-173] - Initializing Spring embedded WebApplicationContext
2019-01-04  13:31:29.372 [main] INFO  org.springframework.web.context.ContextLoader[line-296] - Root WebApplicationContext: initialization completed in 3448 ms
2019-01-04  13:31:30.126 [main] INFO  org.springframework.scheduling.concurrent.ThreadPoolTaskExecutor[line-171] - Initializing ExecutorService 'applicationTaskExecutor'
2019-01-04  13:31:30.598 [main] INFO  org.apache.coyote.http11.Http11NioProtocol[line-173] - Starting ProtocolHandler ["http-nio-8080"]
2019-01-04  13:31:30.618 [main] INFO  org.apache.tomcat.util.net.NioSelectorPool[line-173] - Using a shared selector for servlet write/read
2019-01-04  13:31:30.667 [main] INFO  org.mortbay.log[line-67] - Logging to Logger[org.mortbay.log] via org.mortbay.log.Slf4jLog
2019-01-04  13:31:30.704 [main] INFO  org.springframework.boot.web.embedded.tomcat.TomcatWebServer[line-204] - Tomcat started on port(s): 8080 (http) with context path ''
2019-01-04  13:31:30.709 [main] INFO  com.tyyd.hadoop.HadoopApplication[line-59] - Started HadoopApplication in 5.599 seconds (JVM running for 6.729)
2019-01-04  13:31:39.930 [http-nio-8080-exec-1] INFO  org.apache.catalina.core.ContainerBase.[Tomcat].[localhost].[/][line-173] - Initializing Spring DispatcherServlet 'dispatcherServlet'
2019-01-04  13:31:39.931 [http-nio-8080-exec-1] INFO  org.springframework.web.servlet.DispatcherServlet[line-524] - Initializing Servlet 'dispatcherServlet'
2019-01-04  13:31:39.942 [http-nio-8080-exec-1] INFO  org.springframework.web.servlet.DispatcherServlet[line-546] - Completed initialization in 11 ms
2019-01-04  13:31:43.420 [http-nio-8080-exec-1] INFO  com.alibaba.druid.pool.DruidDataSource[line-106] - {dataSource-1} inited
2019-01-04  13:31:43.511 [http-nio-8080-exec-1] INFO  com.tyyd.hadoop.service.impl.DataOperateServiceImpl[line-41] - 当前导入数据：0条
2019-01-04  13:32:03.932 [main] INFO  com.tyyd.hadoop.HadoopApplication[line-50] - Starting HadoopApplication on joechen-PC with PID 11220 (F:\Java8\hadoop\target\classes started by Administrator in F:\Java8\hadoop)
2019-01-04  13:32:03.938 [main] INFO  com.tyyd.hadoop.HadoopApplication[line-675] - No active profile set, falling back to default profiles: default
2019-01-04  13:32:07.253 [main] INFO  org.springframework.boot.web.embedded.tomcat.TomcatWebServer[line-90] - Tomcat initialized with port(s): 8080 (http)
2019-01-04  13:32:07.269 [main] INFO  org.apache.coyote.http11.Http11NioProtocol[line-173] - Initializing ProtocolHandler ["http-nio-8080"]
2019-01-04  13:32:07.290 [main] INFO  org.apache.catalina.core.StandardService[line-173] - Starting service [Tomcat]
2019-01-04  13:32:07.292 [main] INFO  org.apache.catalina.core.StandardEngine[line-173] - Starting Servlet Engine: Apache Tomcat/9.0.13
2019-01-04  13:32:07.308 [main] INFO  org.apache.catalina.core.AprLifecycleListener[line-173] - The APR based Apache Tomcat Native library which allows optimal performance in production environments was not found on the java.library.path: [C:\Program Files\Java\jdk1.8.0_151\bin;C:\Windows\Sun\Java\bin;C:\Windows\system32;C:\Windows;C:/Program Files/Java/jdk1.8.0_151/bin/../jre/bin/server;C:/Program Files/Java/jdk1.8.0_151/bin/../jre/bin;C:/Program Files/Java/jdk1.8.0_151/bin/../jre/lib/amd64;F:\app\Administrator\product\11.2.0\client_1\bin;F:\apache-maven-3.3.9\bin;E:\dev_tools\apache-ant-1.8.4\bin;C:\Program Files\Java\jdk1.8.0_151\bin;C:\Windows\system32;C:\Windows;C:\Windows\System32\Wbem;C:\Windows\System32\WindowsPowerShell\v1.0\;C:\Program Files (x86)\NVIDIA Corporation\PhysX\Common;;C:\Program Files\Intel\WiFi\bin\;C:\Program Files\Common Files\Intel\WirelessCommon\;D:\MySQL\MySQL Server 5.5\bin;F:\apache-maven-3.3.9\bin;D:\Program Files\TortoiseSVN\bin;D:\nodejs\;%ERLANG_HOME%\bin;D:\Program Files\PuTTY\;C:\Program Files (x86)\OpenVPN\bin;C:\Users\Administrator\AppData\Roaming\npm;F:\BaiduNetdiskDownload\eclipse;;.]
2019-01-04  13:32:07.595 [main] INFO  org.apache.catalina.core.ContainerBase.[Tomcat].[localhost].[/][line-173] - Initializing Spring embedded WebApplicationContext
2019-01-04  13:32:07.596 [main] INFO  org.springframework.web.context.ContextLoader[line-296] - Root WebApplicationContext: initialization completed in 3580 ms
2019-01-04  13:32:08.374 [main] INFO  org.springframework.scheduling.concurrent.ThreadPoolTaskExecutor[line-171] - Initializing ExecutorService 'applicationTaskExecutor'
2019-01-04  13:32:08.845 [main] INFO  org.apache.coyote.http11.Http11NioProtocol[line-173] - Starting ProtocolHandler ["http-nio-8080"]
2019-01-04  13:32:08.863 [main] INFO  org.apache.tomcat.util.net.NioSelectorPool[line-173] - Using a shared selector for servlet write/read
2019-01-04  13:32:08.922 [main] INFO  org.mortbay.log[line-67] - Logging to Logger[org.mortbay.log] via org.mortbay.log.Slf4jLog
2019-01-04  13:32:08.957 [main] INFO  org.springframework.boot.web.embedded.tomcat.TomcatWebServer[line-204] - Tomcat started on port(s): 8080 (http) with context path ''
2019-01-04  13:32:08.964 [main] INFO  com.tyyd.hadoop.HadoopApplication[line-59] - Started HadoopApplication in 5.773 seconds (JVM running for 6.877)
2019-01-04  13:32:20.657 [http-nio-8080-exec-1] INFO  org.apache.catalina.core.ContainerBase.[Tomcat].[localhost].[/][line-173] - Initializing Spring DispatcherServlet 'dispatcherServlet'
2019-01-04  13:32:20.657 [http-nio-8080-exec-1] INFO  org.springframework.web.servlet.DispatcherServlet[line-524] - Initializing Servlet 'dispatcherServlet'
2019-01-04  13:32:20.666 [http-nio-8080-exec-1] INFO  org.springframework.web.servlet.DispatcherServlet[line-546] - Completed initialization in 9 ms
2019-01-04  13:32:25.293 [http-nio-8080-exec-1] INFO  com.alibaba.druid.pool.DruidDataSource[line-106] - {dataSource-1} inited
2019-01-04  13:32:26.291 [http-nio-8080-exec-1] INFO  com.tyyd.hadoop.service.impl.DataOperateServiceImpl[line-41] - 当前导入数据：44条
2019-01-04  14:21:18.223 [main] INFO  org.springframework.boot.test.context.SpringBootTestContextBootstrapper[line-308] - Neither @ContextConfiguration nor @ContextHierarchy found for test class [com.tyyd.hadoop.HadoopApplicationTests], using SpringBootContextLoader
2019-01-04  14:21:18.234 [main] INFO  org.springframework.test.context.support.AbstractContextLoader[line-264] - Could not detect default resource locations for test class [com.tyyd.hadoop.HadoopApplicationTests]: no resource found for suffixes {-context.xml, Context.groovy}.
2019-01-04  14:21:18.238 [main] INFO  org.springframework.test.context.support.AnnotationConfigContextLoaderUtils[line-83] - Could not detect default configuration classes for test class [com.tyyd.hadoop.HadoopApplicationTests]: HadoopApplicationTests does not declare any static, non-private, non-final, nested classes annotated with @Configuration.
2019-01-04  14:21:18.507 [main] INFO  org.springframework.boot.test.context.SpringBootTestContextBootstrapper[line-247] - Found @SpringBootConfiguration com.tyyd.hadoop.HadoopApplication for test class com.tyyd.hadoop.HadoopApplicationTests
2019-01-04  14:21:18.752 [main] INFO  org.springframework.boot.test.context.SpringBootTestContextBootstrapper[line-248] - Loaded default TestExecutionListener class names from location [META-INF/spring.factories]: [org.springframework.boot.test.mock.mockito.MockitoTestExecutionListener, org.springframework.boot.test.mock.mockito.ResetMocksTestExecutionListener, org.springframework.boot.test.autoconfigure.restdocs.RestDocsTestExecutionListener, org.springframework.boot.test.autoconfigure.web.client.MockRestServiceServerResetTestExecutionListener, org.springframework.boot.test.autoconfigure.web.servlet.MockMvcPrintOnlyOnFailureTestExecutionListener, org.springframework.boot.test.autoconfigure.web.servlet.WebDriverTestExecutionListener, org.springframework.test.context.web.ServletTestExecutionListener, org.springframework.test.context.support.DirtiesContextBeforeModesTestExecutionListener, org.springframework.test.context.support.DependencyInjectionTestExecutionListener, org.springframework.test.context.support.DirtiesContextTestExecutionListener, org.springframework.test.context.transaction.TransactionalTestExecutionListener, org.springframework.test.context.jdbc.SqlScriptsTestExecutionListener]
2019-01-04  14:21:18.780 [main] INFO  org.springframework.boot.test.context.SpringBootTestContextBootstrapper[line-177] - Using TestExecutionListeners: [org.springframework.test.context.web.ServletTestExecutionListener@2205a05d, org.springframework.test.context.support.DirtiesContextBeforeModesTestExecutionListener@72ef8d15, org.springframework.boot.test.mock.mockito.MockitoTestExecutionListener@6aa8e115, org.springframework.boot.test.autoconfigure.SpringBootDependencyInjectionTestExecutionListener@5e21e98f, org.springframework.test.context.support.DirtiesContextTestExecutionListener@51a9ad5e, org.springframework.test.context.transaction.TransactionalTestExecutionListener@5f20155b, org.springframework.test.context.jdbc.SqlScriptsTestExecutionListener@72ade7e3, org.springframework.boot.test.mock.mockito.ResetMocksTestExecutionListener@239105a8, org.springframework.boot.test.autoconfigure.restdocs.RestDocsTestExecutionListener@3fce8fd9, org.springframework.boot.test.autoconfigure.web.client.MockRestServiceServerResetTestExecutionListener@609bcfb6, org.springframework.boot.test.autoconfigure.web.servlet.MockMvcPrintOnlyOnFailureTestExecutionListener@7d94beb9, org.springframework.boot.test.autoconfigure.web.servlet.WebDriverTestExecutionListener@560348e6]
2019-01-04  14:21:19.947 [main] WARN  o.s.b.t.j.DuplicateJsonObjectContextCustomizerFactory$DuplicateJsonObjectContextCustomizer[line-86] - 

Found multiple occurrences of org.json.JSONObject on the class path:

	jar:file:/F:/maven305/repo/com/vaadin/external/google/android-json/0.0.20131108.vaadin1/android-json-0.0.20131108.vaadin1.jar!/org/json/JSONObject.class
	jar:file:/F:/maven305/repo/com/tdunning/json/1.8/json-1.8.jar!/org/json/JSONObject.class

You may wish to exclude one of them to ensure predictable runtime behavior

2019-01-04  14:21:19.990 [main] INFO  com.tyyd.hadoop.HadoopApplicationTests[line-50] - Starting HadoopApplicationTests on joechen-PC with PID 9268 (started by Administrator in F:\Java8\hadoop)
2019-01-04  14:21:19.991 [main] INFO  com.tyyd.hadoop.HadoopApplicationTests[line-675] - No active profile set, falling back to default profiles: default
2019-01-04  14:21:23.734 [main] INFO  org.springframework.scheduling.concurrent.ThreadPoolTaskExecutor[line-171] - Initializing ExecutorService 'applicationTaskExecutor'
2019-01-04  14:21:25.150 [main] INFO  com.tyyd.hadoop.HadoopApplicationTests[line-59] - Started HadoopApplicationTests in 6.258 seconds (JVM running for 8.508)
2019-01-04  14:21:25.593 [Thread-2] INFO  org.springframework.scheduling.concurrent.ThreadPoolTaskExecutor[line-208] - Shutting down ExecutorService 'applicationTaskExecutor'
2019-01-04  16:07:39.073 [main] INFO  org.springframework.boot.test.context.SpringBootTestContextBootstrapper[line-308] - Neither @ContextConfiguration nor @ContextHierarchy found for test class [com.tyyd.hadoop.HadoopApplicationTests], using SpringBootContextLoader
2019-01-04  16:07:39.082 [main] INFO  org.springframework.test.context.support.AbstractContextLoader[line-264] - Could not detect default resource locations for test class [com.tyyd.hadoop.HadoopApplicationTests]: no resource found for suffixes {-context.xml, Context.groovy}.
2019-01-04  16:07:39.085 [main] INFO  org.springframework.test.context.support.AnnotationConfigContextLoaderUtils[line-83] - Could not detect default configuration classes for test class [com.tyyd.hadoop.HadoopApplicationTests]: HadoopApplicationTests does not declare any static, non-private, non-final, nested classes annotated with @Configuration.
2019-01-04  16:07:39.258 [main] INFO  org.springframework.boot.test.context.SpringBootTestContextBootstrapper[line-247] - Found @SpringBootConfiguration com.tyyd.hadoop.HadoopApplication for test class com.tyyd.hadoop.HadoopApplicationTests
2019-01-04  16:07:39.491 [main] INFO  org.springframework.boot.test.context.SpringBootTestContextBootstrapper[line-248] - Loaded default TestExecutionListener class names from location [META-INF/spring.factories]: [org.springframework.boot.test.mock.mockito.MockitoTestExecutionListener, org.springframework.boot.test.mock.mockito.ResetMocksTestExecutionListener, org.springframework.boot.test.autoconfigure.restdocs.RestDocsTestExecutionListener, org.springframework.boot.test.autoconfigure.web.client.MockRestServiceServerResetTestExecutionListener, org.springframework.boot.test.autoconfigure.web.servlet.MockMvcPrintOnlyOnFailureTestExecutionListener, org.springframework.boot.test.autoconfigure.web.servlet.WebDriverTestExecutionListener, org.springframework.test.context.web.ServletTestExecutionListener, org.springframework.test.context.support.DirtiesContextBeforeModesTestExecutionListener, org.springframework.test.context.support.DependencyInjectionTestExecutionListener, org.springframework.test.context.support.DirtiesContextTestExecutionListener, org.springframework.test.context.transaction.TransactionalTestExecutionListener, org.springframework.test.context.jdbc.SqlScriptsTestExecutionListener]
2019-01-04  16:07:39.524 [main] INFO  org.springframework.boot.test.context.SpringBootTestContextBootstrapper[line-177] - Using TestExecutionListeners: [org.springframework.test.context.web.ServletTestExecutionListener@44be0077, org.springframework.test.context.support.DirtiesContextBeforeModesTestExecutionListener@2205a05d, org.springframework.boot.test.mock.mockito.MockitoTestExecutionListener@72ef8d15, org.springframework.boot.test.autoconfigure.SpringBootDependencyInjectionTestExecutionListener@6aa8e115, org.springframework.test.context.support.DirtiesContextTestExecutionListener@5e21e98f, org.springframework.test.context.transaction.TransactionalTestExecutionListener@51a9ad5e, org.springframework.test.context.jdbc.SqlScriptsTestExecutionListener@5f20155b, org.springframework.boot.test.mock.mockito.ResetMocksTestExecutionListener@72ade7e3, org.springframework.boot.test.autoconfigure.restdocs.RestDocsTestExecutionListener@239105a8, org.springframework.boot.test.autoconfigure.web.client.MockRestServiceServerResetTestExecutionListener@3fce8fd9, org.springframework.boot.test.autoconfigure.web.servlet.MockMvcPrintOnlyOnFailureTestExecutionListener@609bcfb6, org.springframework.boot.test.autoconfigure.web.servlet.WebDriverTestExecutionListener@7d94beb9]
2019-01-04  16:07:40.146 [main] WARN  o.s.b.t.j.DuplicateJsonObjectContextCustomizerFactory$DuplicateJsonObjectContextCustomizer[line-86] - 

Found multiple occurrences of org.json.JSONObject on the class path:

	jar:file:/F:/maven305/repo/com/vaadin/external/google/android-json/0.0.20131108.vaadin1/android-json-0.0.20131108.vaadin1.jar!/org/json/JSONObject.class
	jar:file:/F:/maven305/repo/com/tdunning/json/1.8/json-1.8.jar!/org/json/JSONObject.class

You may wish to exclude one of them to ensure predictable runtime behavior

2019-01-04  16:07:40.190 [main] INFO  com.tyyd.hadoop.HadoopApplicationTests[line-50] - Starting HadoopApplicationTests on joechen-PC with PID 9376 (started by Administrator in F:\Java8\hadoop)
2019-01-04  16:07:40.192 [main] INFO  com.tyyd.hadoop.HadoopApplicationTests[line-675] - No active profile set, falling back to default profiles: default
2019-01-04  16:07:44.209 [main] INFO  org.springframework.scheduling.concurrent.ThreadPoolTaskExecutor[line-171] - Initializing ExecutorService 'applicationTaskExecutor'
2019-01-04  16:07:45.324 [main] INFO  com.tyyd.hadoop.HadoopApplicationTests[line-59] - Started HadoopApplicationTests in 5.73 seconds (JVM running for 7.6)
2019-01-04  16:07:45.685 [Thread-2] INFO  org.springframework.scheduling.concurrent.ThreadPoolTaskExecutor[line-208] - Shutting down ExecutorService 'applicationTaskExecutor'
2019-01-04  16:24:03.278 [main] INFO  org.springframework.boot.test.context.SpringBootTestContextBootstrapper[line-308] - Neither @ContextConfiguration nor @ContextHierarchy found for test class [com.tyyd.hadoop.HadoopApplicationTests], using SpringBootContextLoader
2019-01-04  16:24:03.288 [main] INFO  org.springframework.test.context.support.AbstractContextLoader[line-264] - Could not detect default resource locations for test class [com.tyyd.hadoop.HadoopApplicationTests]: no resource found for suffixes {-context.xml, Context.groovy}.
2019-01-04  16:24:03.290 [main] INFO  org.springframework.test.context.support.AnnotationConfigContextLoaderUtils[line-83] - Could not detect default configuration classes for test class [com.tyyd.hadoop.HadoopApplicationTests]: HadoopApplicationTests does not declare any static, non-private, non-final, nested classes annotated with @Configuration.
2019-01-04  16:24:03.467 [main] INFO  org.springframework.boot.test.context.SpringBootTestContextBootstrapper[line-247] - Found @SpringBootConfiguration com.tyyd.hadoop.HadoopApplication for test class com.tyyd.hadoop.HadoopApplicationTests
2019-01-04  16:24:03.685 [main] INFO  org.springframework.boot.test.context.SpringBootTestContextBootstrapper[line-248] - Loaded default TestExecutionListener class names from location [META-INF/spring.factories]: [org.springframework.boot.test.mock.mockito.MockitoTestExecutionListener, org.springframework.boot.test.mock.mockito.ResetMocksTestExecutionListener, org.springframework.boot.test.autoconfigure.restdocs.RestDocsTestExecutionListener, org.springframework.boot.test.autoconfigure.web.client.MockRestServiceServerResetTestExecutionListener, org.springframework.boot.test.autoconfigure.web.servlet.MockMvcPrintOnlyOnFailureTestExecutionListener, org.springframework.boot.test.autoconfigure.web.servlet.WebDriverTestExecutionListener, org.springframework.test.context.web.ServletTestExecutionListener, org.springframework.test.context.support.DirtiesContextBeforeModesTestExecutionListener, org.springframework.test.context.support.DependencyInjectionTestExecutionListener, org.springframework.test.context.support.DirtiesContextTestExecutionListener, org.springframework.test.context.transaction.TransactionalTestExecutionListener, org.springframework.test.context.jdbc.SqlScriptsTestExecutionListener]
2019-01-04  16:24:03.719 [main] INFO  org.springframework.boot.test.context.SpringBootTestContextBootstrapper[line-177] - Using TestExecutionListeners: [org.springframework.test.context.web.ServletTestExecutionListener@44be0077, org.springframework.test.context.support.DirtiesContextBeforeModesTestExecutionListener@2205a05d, org.springframework.boot.test.mock.mockito.MockitoTestExecutionListener@72ef8d15, org.springframework.boot.test.autoconfigure.SpringBootDependencyInjectionTestExecutionListener@6aa8e115, org.springframework.test.context.support.DirtiesContextTestExecutionListener@5e21e98f, org.springframework.test.context.transaction.TransactionalTestExecutionListener@51a9ad5e, org.springframework.test.context.jdbc.SqlScriptsTestExecutionListener@5f20155b, org.springframework.boot.test.mock.mockito.ResetMocksTestExecutionListener@72ade7e3, org.springframework.boot.test.autoconfigure.restdocs.RestDocsTestExecutionListener@239105a8, org.springframework.boot.test.autoconfigure.web.client.MockRestServiceServerResetTestExecutionListener@3fce8fd9, org.springframework.boot.test.autoconfigure.web.servlet.MockMvcPrintOnlyOnFailureTestExecutionListener@609bcfb6, org.springframework.boot.test.autoconfigure.web.servlet.WebDriverTestExecutionListener@7d94beb9]
2019-01-04  16:24:04.216 [main] WARN  o.s.b.t.j.DuplicateJsonObjectContextCustomizerFactory$DuplicateJsonObjectContextCustomizer[line-86] - 

Found multiple occurrences of org.json.JSONObject on the class path:

	jar:file:/F:/maven305/repo/com/vaadin/external/google/android-json/0.0.20131108.vaadin1/android-json-0.0.20131108.vaadin1.jar!/org/json/JSONObject.class
	jar:file:/F:/maven305/repo/com/tdunning/json/1.8/json-1.8.jar!/org/json/JSONObject.class

You may wish to exclude one of them to ensure predictable runtime behavior

2019-01-04  16:24:04.252 [main] INFO  com.tyyd.hadoop.HadoopApplicationTests[line-50] - Starting HadoopApplicationTests on joechen-PC with PID 5012 (started by Administrator in F:\Java8\hadoop)
2019-01-04  16:24:04.253 [main] INFO  com.tyyd.hadoop.HadoopApplicationTests[line-675] - No active profile set, falling back to default profiles: default
2019-01-04  16:24:07.550 [main] INFO  org.springframework.scheduling.concurrent.ThreadPoolTaskExecutor[line-171] - Initializing ExecutorService 'applicationTaskExecutor'
2019-01-04  16:24:08.592 [main] INFO  com.tyyd.hadoop.HadoopApplicationTests[line-59] - Started HadoopApplicationTests in 4.816 seconds (JVM running for 6.584)
2019-01-04  16:24:08.958 [Thread-2] INFO  org.springframework.scheduling.concurrent.ThreadPoolTaskExecutor[line-208] - Shutting down ExecutorService 'applicationTaskExecutor'
2019-01-04  17:51:05.462 [main] INFO  org.springframework.boot.test.context.SpringBootTestContextBootstrapper[line-308] - Neither @ContextConfiguration nor @ContextHierarchy found for test class [com.tyyd.hadoop.HadoopApplicationTests], using SpringBootContextLoader
2019-01-04  17:51:05.471 [main] INFO  org.springframework.test.context.support.AbstractContextLoader[line-264] - Could not detect default resource locations for test class [com.tyyd.hadoop.HadoopApplicationTests]: no resource found for suffixes {-context.xml, Context.groovy}.
2019-01-04  17:51:05.472 [main] INFO  org.springframework.test.context.support.AnnotationConfigContextLoaderUtils[line-83] - Could not detect default configuration classes for test class [com.tyyd.hadoop.HadoopApplicationTests]: HadoopApplicationTests does not declare any static, non-private, non-final, nested classes annotated with @Configuration.
2019-01-04  17:51:05.674 [main] INFO  org.springframework.boot.test.context.SpringBootTestContextBootstrapper[line-247] - Found @SpringBootConfiguration com.tyyd.hadoop.HadoopApplication for test class com.tyyd.hadoop.HadoopApplicationTests
2019-01-04  17:51:05.879 [main] INFO  org.springframework.boot.test.context.SpringBootTestContextBootstrapper[line-248] - Loaded default TestExecutionListener class names from location [META-INF/spring.factories]: [org.springframework.boot.test.mock.mockito.MockitoTestExecutionListener, org.springframework.boot.test.mock.mockito.ResetMocksTestExecutionListener, org.springframework.boot.test.autoconfigure.restdocs.RestDocsTestExecutionListener, org.springframework.boot.test.autoconfigure.web.client.MockRestServiceServerResetTestExecutionListener, org.springframework.boot.test.autoconfigure.web.servlet.MockMvcPrintOnlyOnFailureTestExecutionListener, org.springframework.boot.test.autoconfigure.web.servlet.WebDriverTestExecutionListener, org.springframework.test.context.web.ServletTestExecutionListener, org.springframework.test.context.support.DirtiesContextBeforeModesTestExecutionListener, org.springframework.test.context.support.DependencyInjectionTestExecutionListener, org.springframework.test.context.support.DirtiesContextTestExecutionListener, org.springframework.test.context.transaction.TransactionalTestExecutionListener, org.springframework.test.context.jdbc.SqlScriptsTestExecutionListener]
2019-01-04  17:51:05.906 [main] INFO  org.springframework.boot.test.context.SpringBootTestContextBootstrapper[line-177] - Using TestExecutionListeners: [org.springframework.test.context.web.ServletTestExecutionListener@44be0077, org.springframework.test.context.support.DirtiesContextBeforeModesTestExecutionListener@2205a05d, org.springframework.boot.test.mock.mockito.MockitoTestExecutionListener@72ef8d15, org.springframework.boot.test.autoconfigure.SpringBootDependencyInjectionTestExecutionListener@6aa8e115, org.springframework.test.context.support.DirtiesContextTestExecutionListener@5e21e98f, org.springframework.test.context.transaction.TransactionalTestExecutionListener@51a9ad5e, org.springframework.test.context.jdbc.SqlScriptsTestExecutionListener@5f20155b, org.springframework.boot.test.mock.mockito.ResetMocksTestExecutionListener@72ade7e3, org.springframework.boot.test.autoconfigure.restdocs.RestDocsTestExecutionListener@239105a8, org.springframework.boot.test.autoconfigure.web.client.MockRestServiceServerResetTestExecutionListener@3fce8fd9, org.springframework.boot.test.autoconfigure.web.servlet.MockMvcPrintOnlyOnFailureTestExecutionListener@609bcfb6, org.springframework.boot.test.autoconfigure.web.servlet.WebDriverTestExecutionListener@7d94beb9]
2019-01-04  17:51:06.450 [main] WARN  o.s.b.t.j.DuplicateJsonObjectContextCustomizerFactory$DuplicateJsonObjectContextCustomizer[line-86] - 

Found multiple occurrences of org.json.JSONObject on the class path:

	jar:file:/F:/maven305/repo/com/vaadin/external/google/android-json/0.0.20131108.vaadin1/android-json-0.0.20131108.vaadin1.jar!/org/json/JSONObject.class
	jar:file:/F:/maven305/repo/com/tdunning/json/1.8/json-1.8.jar!/org/json/JSONObject.class

You may wish to exclude one of them to ensure predictable runtime behavior

2019-01-04  17:51:06.502 [main] INFO  com.tyyd.hadoop.HadoopApplicationTests[line-50] - Starting HadoopApplicationTests on joechen-PC with PID 5252 (started by Administrator in F:\Java8\hadoop)
2019-01-04  17:51:06.504 [main] INFO  com.tyyd.hadoop.HadoopApplicationTests[line-675] - No active profile set, falling back to default profiles: default
2019-01-04  17:51:10.332 [main] INFO  org.springframework.scheduling.concurrent.ThreadPoolTaskExecutor[line-171] - Initializing ExecutorService 'applicationTaskExecutor'
2019-01-04  17:51:11.454 [main] INFO  com.tyyd.hadoop.HadoopApplicationTests[line-59] - Started HadoopApplicationTests in 5.495 seconds (JVM running for 7.279)
2019-01-04  17:51:11.777 [Thread-2] INFO  org.springframework.scheduling.concurrent.ThreadPoolTaskExecutor[line-208] - Shutting down ExecutorService 'applicationTaskExecutor'
