2019-01-08  18:20:41.818 [main] INFO  com.tyyd.hadoop.HadoopApplication[line-50] - Starting HadoopApplication on joechen-PC with PID 9064 (F:\Java8\hadoop\target\classes started by Administrator in F:\Java8\hadoop)
2019-01-08  18:20:41.824 [main] INFO  com.tyyd.hadoop.HadoopApplication[line-675] - No active profile set, falling back to default profiles: default
2019-01-08  18:20:44.058 [main] INFO  org.springframework.boot.web.embedded.tomcat.TomcatWebServer[line-90] - Tomcat initialized with port(s): 8080 (http)
2019-01-08  18:20:44.073 [main] INFO  org.apache.coyote.http11.Http11NioProtocol[line-173] - Initializing ProtocolHandler ["http-nio-8080"]
2019-01-08  18:20:44.092 [main] INFO  org.apache.catalina.core.StandardService[line-173] - Starting service [Tomcat]
2019-01-08  18:20:44.093 [main] INFO  org.apache.catalina.core.StandardEngine[line-173] - Starting Servlet Engine: Apache Tomcat/9.0.13
2019-01-08  18:20:44.109 [main] INFO  org.apache.catalina.core.AprLifecycleListener[line-173] - The APR based Apache Tomcat Native library which allows optimal performance in production environments was not found on the java.library.path: [C:\Program Files\Java\jdk1.8.0_151\bin;C:\Windows\Sun\Java\bin;C:\Windows\system32;C:\Windows;C:/Program Files/Java/jdk1.8.0_151/bin/../jre/bin/server;C:/Program Files/Java/jdk1.8.0_151/bin/../jre/bin;C:/Program Files/Java/jdk1.8.0_151/bin/../jre/lib/amd64;F:\app\Administrator\product\11.2.0\client_1\bin;F:\apache-maven-3.3.9\bin;E:\dev_tools\apache-ant-1.8.4\bin;C:\Program Files\Java\jdk1.8.0_151\bin;C:\Windows\system32;C:\Windows;C:\Windows\System32\Wbem;C:\Windows\System32\WindowsPowerShell\v1.0\;C:\Program Files (x86)\NVIDIA Corporation\PhysX\Common;;C:\Program Files\Intel\WiFi\bin\;C:\Program Files\Common Files\Intel\WirelessCommon\;D:\MySQL\MySQL Server 5.5\bin;F:\apache-maven-3.3.9\bin;D:\Program Files\TortoiseSVN\bin;D:\nodejs\;%ERLANG_HOME%\bin;D:\Program Files\PuTTY\;C:\Program Files (x86)\OpenVPN\bin;C:\Users\Administrator\AppData\Roaming\npm;F:\BaiduNetdiskDownload\eclipse;;.]
2019-01-08  18:20:44.372 [main] INFO  org.apache.catalina.core.ContainerBase.[Tomcat].[localhost].[/][line-173] - Initializing Spring embedded WebApplicationContext
2019-01-08  18:20:44.373 [main] INFO  org.springframework.web.context.ContextLoader[line-296] - Root WebApplicationContext: initialization completed in 2453 ms
2019-01-08  18:20:45.078 [main] INFO  org.springframework.scheduling.concurrent.ThreadPoolTaskExecutor[line-171] - Initializing ExecutorService 'applicationTaskExecutor'
2019-01-08  18:20:45.465 [main] INFO  org.apache.coyote.http11.Http11NioProtocol[line-173] - Starting ProtocolHandler ["http-nio-8080"]
2019-01-08  18:20:45.477 [main] INFO  org.apache.tomcat.util.net.NioSelectorPool[line-173] - Using a shared selector for servlet write/read
2019-01-08  18:20:45.505 [main] INFO  org.mortbay.log[line-67] - Logging to Logger[org.mortbay.log] via org.mortbay.log.Slf4jLog
2019-01-08  18:20:45.547 [main] INFO  org.springframework.boot.web.embedded.tomcat.TomcatWebServer[line-204] - Tomcat started on port(s): 8080 (http) with context path ''
2019-01-08  18:20:45.552 [main] INFO  com.tyyd.hadoop.HadoopApplication[line-59] - Started HadoopApplication in 4.538 seconds (JVM running for 5.815)
2019-01-08  18:21:12.581 [http-nio-8080-exec-1] INFO  org.apache.catalina.core.ContainerBase.[Tomcat].[localhost].[/][line-173] - Initializing Spring DispatcherServlet 'dispatcherServlet'
2019-01-08  18:21:12.582 [http-nio-8080-exec-1] INFO  org.springframework.web.servlet.DispatcherServlet[line-524] - Initializing Servlet 'dispatcherServlet'
2019-01-08  18:21:12.592 [http-nio-8080-exec-1] INFO  org.springframework.web.servlet.DispatcherServlet[line-546] - Completed initialization in 10 ms
2019-01-08  18:25:53.560 [main] INFO  com.tyyd.hadoop.HadoopApplication[line-50] - Starting HadoopApplication on joechen-PC with PID 9136 (F:\Java8\hadoop\target\classes started by Administrator in F:\Java8\hadoop)
2019-01-08  18:25:53.568 [main] INFO  com.tyyd.hadoop.HadoopApplication[line-675] - No active profile set, falling back to default profiles: default
2019-01-08  18:25:57.255 [main] INFO  org.springframework.boot.web.embedded.tomcat.TomcatWebServer[line-90] - Tomcat initialized with port(s): 8080 (http)
2019-01-08  18:25:57.275 [main] INFO  org.apache.coyote.http11.Http11NioProtocol[line-173] - Initializing ProtocolHandler ["http-nio-8080"]
2019-01-08  18:25:57.292 [main] INFO  org.apache.catalina.core.StandardService[line-173] - Starting service [Tomcat]
2019-01-08  18:25:57.293 [main] INFO  org.apache.catalina.core.StandardEngine[line-173] - Starting Servlet Engine: Apache Tomcat/9.0.13
2019-01-08  18:25:57.307 [main] INFO  org.apache.catalina.core.AprLifecycleListener[line-173] - The APR based Apache Tomcat Native library which allows optimal performance in production environments was not found on the java.library.path: [C:\Program Files\Java\jdk1.8.0_151\bin;C:\Windows\Sun\Java\bin;C:\Windows\system32;C:\Windows;C:/Program Files/Java/jdk1.8.0_151/bin/../jre/bin/server;C:/Program Files/Java/jdk1.8.0_151/bin/../jre/bin;C:/Program Files/Java/jdk1.8.0_151/bin/../jre/lib/amd64;F:\app\Administrator\product\11.2.0\client_1\bin;F:\apache-maven-3.3.9\bin;E:\dev_tools\apache-ant-1.8.4\bin;C:\Program Files\Java\jdk1.8.0_151\bin;C:\Windows\system32;C:\Windows;C:\Windows\System32\Wbem;C:\Windows\System32\WindowsPowerShell\v1.0\;C:\Program Files (x86)\NVIDIA Corporation\PhysX\Common;;C:\Program Files\Intel\WiFi\bin\;C:\Program Files\Common Files\Intel\WirelessCommon\;D:\MySQL\MySQL Server 5.5\bin;F:\apache-maven-3.3.9\bin;D:\Program Files\TortoiseSVN\bin;D:\nodejs\;%ERLANG_HOME%\bin;D:\Program Files\PuTTY\;C:\Program Files (x86)\OpenVPN\bin;C:\Users\Administrator\AppData\Roaming\npm;F:\BaiduNetdiskDownload\eclipse;;.]
2019-01-08  18:25:57.540 [main] INFO  org.apache.catalina.core.ContainerBase.[Tomcat].[localhost].[/][line-173] - Initializing Spring embedded WebApplicationContext
2019-01-08  18:25:57.541 [main] INFO  org.springframework.web.context.ContextLoader[line-296] - Root WebApplicationContext: initialization completed in 3883 ms
2019-01-08  18:25:58.353 [main] INFO  org.springframework.scheduling.concurrent.ThreadPoolTaskExecutor[line-171] - Initializing ExecutorService 'applicationTaskExecutor'
2019-01-08  18:25:59.026 [main] INFO  org.apache.coyote.http11.Http11NioProtocol[line-173] - Starting ProtocolHandler ["http-nio-8080"]
2019-01-08  18:25:59.044 [main] INFO  org.apache.tomcat.util.net.NioSelectorPool[line-173] - Using a shared selector for servlet write/read
2019-01-08  18:25:59.076 [main] INFO  org.mortbay.log[line-67] - Logging to Logger[org.mortbay.log] via org.mortbay.log.Slf4jLog
2019-01-08  18:25:59.109 [main] INFO  org.springframework.boot.web.embedded.tomcat.TomcatWebServer[line-204] - Tomcat started on port(s): 8080 (http) with context path ''
2019-01-08  18:25:59.114 [main] INFO  com.tyyd.hadoop.HadoopApplication[line-59] - Started HadoopApplication in 6.308 seconds (JVM running for 7.473)
2019-01-08  18:26:06.482 [http-nio-8080-exec-2] INFO  org.apache.catalina.core.ContainerBase.[Tomcat].[localhost].[/][line-173] - Initializing Spring DispatcherServlet 'dispatcherServlet'
2019-01-08  18:26:06.484 [http-nio-8080-exec-2] INFO  org.springframework.web.servlet.DispatcherServlet[line-524] - Initializing Servlet 'dispatcherServlet'
2019-01-08  18:26:06.502 [http-nio-8080-exec-2] INFO  org.springframework.web.servlet.DispatcherServlet[line-546] - Completed initialization in 18 ms
2019-01-08  18:34:06.081 [main] INFO  com.tyyd.hadoop.HadoopApplication[line-50] - Starting HadoopApplication on joechen-PC with PID 1616 (F:\Java8\hadoop\target\classes started by Administrator in F:\Java8\hadoop)
2019-01-08  18:34:06.086 [main] INFO  com.tyyd.hadoop.HadoopApplication[line-675] - No active profile set, falling back to default profiles: default
2019-01-08  18:34:09.094 [main] INFO  org.springframework.boot.web.embedded.tomcat.TomcatWebServer[line-90] - Tomcat initialized with port(s): 8080 (http)
2019-01-08  18:34:09.110 [main] INFO  org.apache.coyote.http11.Http11NioProtocol[line-173] - Initializing ProtocolHandler ["http-nio-8080"]
2019-01-08  18:34:09.129 [main] INFO  org.apache.catalina.core.StandardService[line-173] - Starting service [Tomcat]
2019-01-08  18:34:09.129 [main] INFO  org.apache.catalina.core.StandardEngine[line-173] - Starting Servlet Engine: Apache Tomcat/9.0.13
2019-01-08  18:34:09.145 [main] INFO  org.apache.catalina.core.AprLifecycleListener[line-173] - The APR based Apache Tomcat Native library which allows optimal performance in production environments was not found on the java.library.path: [C:\Program Files\Java\jdk1.8.0_151\bin;C:\Windows\Sun\Java\bin;C:\Windows\system32;C:\Windows;C:/Program Files/Java/jdk1.8.0_151/bin/../jre/bin/server;C:/Program Files/Java/jdk1.8.0_151/bin/../jre/bin;C:/Program Files/Java/jdk1.8.0_151/bin/../jre/lib/amd64;F:\app\Administrator\product\11.2.0\client_1\bin;F:\apache-maven-3.3.9\bin;E:\dev_tools\apache-ant-1.8.4\bin;C:\Program Files\Java\jdk1.8.0_151\bin;C:\Windows\system32;C:\Windows;C:\Windows\System32\Wbem;C:\Windows\System32\WindowsPowerShell\v1.0\;C:\Program Files (x86)\NVIDIA Corporation\PhysX\Common;;C:\Program Files\Intel\WiFi\bin\;C:\Program Files\Common Files\Intel\WirelessCommon\;D:\MySQL\MySQL Server 5.5\bin;F:\apache-maven-3.3.9\bin;D:\Program Files\TortoiseSVN\bin;D:\nodejs\;%ERLANG_HOME%\bin;D:\Program Files\PuTTY\;C:\Program Files (x86)\OpenVPN\bin;C:\Users\Administrator\AppData\Roaming\npm;F:\BaiduNetdiskDownload\eclipse;;.]
2019-01-08  18:34:09.347 [main] INFO  org.apache.catalina.core.ContainerBase.[Tomcat].[localhost].[/][line-173] - Initializing Spring embedded WebApplicationContext
2019-01-08  18:34:09.348 [main] INFO  org.springframework.web.context.ContextLoader[line-296] - Root WebApplicationContext: initialization completed in 3178 ms
2019-01-08  18:34:10.001 [main] INFO  org.springframework.scheduling.concurrent.ThreadPoolTaskExecutor[line-171] - Initializing ExecutorService 'applicationTaskExecutor'
2019-01-08  18:34:10.391 [main] INFO  org.apache.coyote.http11.Http11NioProtocol[line-173] - Starting ProtocolHandler ["http-nio-8080"]
2019-01-08  18:34:10.409 [main] INFO  org.apache.tomcat.util.net.NioSelectorPool[line-173] - Using a shared selector for servlet write/read
2019-01-08  18:34:10.446 [main] INFO  org.mortbay.log[line-67] - Logging to Logger[org.mortbay.log] via org.mortbay.log.Slf4jLog
2019-01-08  18:34:10.486 [main] INFO  org.springframework.boot.web.embedded.tomcat.TomcatWebServer[line-204] - Tomcat started on port(s): 8080 (http) with context path ''
2019-01-08  18:34:10.491 [main] INFO  com.tyyd.hadoop.HadoopApplication[line-59] - Started HadoopApplication in 5.049 seconds (JVM running for 6.044)
2019-01-08  18:34:26.756 [http-nio-8080-exec-1] INFO  org.apache.catalina.core.ContainerBase.[Tomcat].[localhost].[/][line-173] - Initializing Spring DispatcherServlet 'dispatcherServlet'
2019-01-08  18:34:26.757 [http-nio-8080-exec-1] INFO  org.springframework.web.servlet.DispatcherServlet[line-524] - Initializing Servlet 'dispatcherServlet'
2019-01-08  18:34:26.767 [http-nio-8080-exec-1] INFO  org.springframework.web.servlet.DispatcherServlet[line-546] - Completed initialization in 10 ms
2019-01-08  18:35:57.917 [main] INFO  com.tyyd.hadoop.HadoopApplication[line-50] - Starting HadoopApplication on joechen-PC with PID 8412 (F:\Java8\hadoop\target\classes started by Administrator in F:\Java8\hadoop)
2019-01-08  18:35:57.928 [main] INFO  com.tyyd.hadoop.HadoopApplication[line-675] - No active profile set, falling back to default profiles: default
2019-01-08  18:36:00.744 [main] INFO  org.springframework.boot.web.embedded.tomcat.TomcatWebServer[line-90] - Tomcat initialized with port(s): 8080 (http)
2019-01-08  18:36:00.762 [main] INFO  org.apache.coyote.http11.Http11NioProtocol[line-173] - Initializing ProtocolHandler ["http-nio-8080"]
2019-01-08  18:36:00.775 [main] INFO  org.apache.catalina.core.StandardService[line-173] - Starting service [Tomcat]
2019-01-08  18:36:00.775 [main] INFO  org.apache.catalina.core.StandardEngine[line-173] - Starting Servlet Engine: Apache Tomcat/9.0.13
2019-01-08  18:36:00.787 [main] INFO  org.apache.catalina.core.AprLifecycleListener[line-173] - The APR based Apache Tomcat Native library which allows optimal performance in production environments was not found on the java.library.path: [C:\Program Files\Java\jdk1.8.0_151\bin;C:\Windows\Sun\Java\bin;C:\Windows\system32;C:\Windows;C:/Program Files/Java/jdk1.8.0_151/bin/../jre/bin/server;C:/Program Files/Java/jdk1.8.0_151/bin/../jre/bin;C:/Program Files/Java/jdk1.8.0_151/bin/../jre/lib/amd64;F:\app\Administrator\product\11.2.0\client_1\bin;F:\apache-maven-3.3.9\bin;E:\dev_tools\apache-ant-1.8.4\bin;C:\Program Files\Java\jdk1.8.0_151\bin;C:\Windows\system32;C:\Windows;C:\Windows\System32\Wbem;C:\Windows\System32\WindowsPowerShell\v1.0\;C:\Program Files (x86)\NVIDIA Corporation\PhysX\Common;;C:\Program Files\Intel\WiFi\bin\;C:\Program Files\Common Files\Intel\WirelessCommon\;D:\MySQL\MySQL Server 5.5\bin;F:\apache-maven-3.3.9\bin;D:\Program Files\TortoiseSVN\bin;D:\nodejs\;%ERLANG_HOME%\bin;D:\Program Files\PuTTY\;C:\Program Files (x86)\OpenVPN\bin;C:\Users\Administrator\AppData\Roaming\npm;F:\BaiduNetdiskDownload\eclipse;;.]
2019-01-08  18:36:00.980 [main] INFO  org.apache.catalina.core.ContainerBase.[Tomcat].[localhost].[/][line-173] - Initializing Spring embedded WebApplicationContext
2019-01-08  18:36:00.980 [main] INFO  org.springframework.web.context.ContextLoader[line-296] - Root WebApplicationContext: initialization completed in 2952 ms
2019-01-08  18:36:01.645 [main] INFO  org.springframework.scheduling.concurrent.ThreadPoolTaskExecutor[line-171] - Initializing ExecutorService 'applicationTaskExecutor'
2019-01-08  18:36:02.067 [main] INFO  org.apache.coyote.http11.Http11NioProtocol[line-173] - Starting ProtocolHandler ["http-nio-8080"]
2019-01-08  18:36:02.084 [main] INFO  org.apache.tomcat.util.net.NioSelectorPool[line-173] - Using a shared selector for servlet write/read
2019-01-08  18:36:02.118 [main] INFO  org.mortbay.log[line-67] - Logging to Logger[org.mortbay.log] via org.mortbay.log.Slf4jLog
2019-01-08  18:36:02.154 [main] INFO  org.springframework.boot.web.embedded.tomcat.TomcatWebServer[line-204] - Tomcat started on port(s): 8080 (http) with context path ''
2019-01-08  18:36:02.163 [main] INFO  com.tyyd.hadoop.HadoopApplication[line-59] - Started HadoopApplication in 4.838 seconds (JVM running for 5.788)
2019-01-08  18:36:30.392 [http-nio-8080-exec-1] INFO  org.apache.catalina.core.ContainerBase.[Tomcat].[localhost].[/][line-173] - Initializing Spring DispatcherServlet 'dispatcherServlet'
2019-01-08  18:36:30.392 [http-nio-8080-exec-1] INFO  org.springframework.web.servlet.DispatcherServlet[line-524] - Initializing Servlet 'dispatcherServlet'
2019-01-08  18:36:30.400 [http-nio-8080-exec-1] INFO  org.springframework.web.servlet.DispatcherServlet[line-546] - Completed initialization in 8 ms
2019-01-08  18:36:58.078 [main] INFO  com.tyyd.hadoop.HadoopApplication[line-50] - Starting HadoopApplication on joechen-PC with PID 10748 (F:\Java8\hadoop\target\classes started by Administrator in F:\Java8\hadoop)
2019-01-08  18:36:58.084 [main] INFO  com.tyyd.hadoop.HadoopApplication[line-675] - No active profile set, falling back to default profiles: default
2019-01-08  18:37:00.755 [main] INFO  org.springframework.boot.web.embedded.tomcat.TomcatWebServer[line-90] - Tomcat initialized with port(s): 8080 (http)
2019-01-08  18:37:00.778 [main] INFO  org.apache.coyote.http11.Http11NioProtocol[line-173] - Initializing ProtocolHandler ["http-nio-8080"]
2019-01-08  18:37:00.797 [main] INFO  org.apache.catalina.core.StandardService[line-173] - Starting service [Tomcat]
2019-01-08  18:37:00.798 [main] INFO  org.apache.catalina.core.StandardEngine[line-173] - Starting Servlet Engine: Apache Tomcat/9.0.13
2019-01-08  18:37:00.811 [main] INFO  org.apache.catalina.core.AprLifecycleListener[line-173] - The APR based Apache Tomcat Native library which allows optimal performance in production environments was not found on the java.library.path: [C:\Program Files\Java\jdk1.8.0_151\bin;C:\Windows\Sun\Java\bin;C:\Windows\system32;C:\Windows;C:/Program Files/Java/jdk1.8.0_151/bin/../jre/bin/server;C:/Program Files/Java/jdk1.8.0_151/bin/../jre/bin;C:/Program Files/Java/jdk1.8.0_151/bin/../jre/lib/amd64;F:\app\Administrator\product\11.2.0\client_1\bin;F:\apache-maven-3.3.9\bin;E:\dev_tools\apache-ant-1.8.4\bin;C:\Program Files\Java\jdk1.8.0_151\bin;C:\Windows\system32;C:\Windows;C:\Windows\System32\Wbem;C:\Windows\System32\WindowsPowerShell\v1.0\;C:\Program Files (x86)\NVIDIA Corporation\PhysX\Common;;C:\Program Files\Intel\WiFi\bin\;C:\Program Files\Common Files\Intel\WirelessCommon\;D:\MySQL\MySQL Server 5.5\bin;F:\apache-maven-3.3.9\bin;D:\Program Files\TortoiseSVN\bin;D:\nodejs\;%ERLANG_HOME%\bin;D:\Program Files\PuTTY\;C:\Program Files (x86)\OpenVPN\bin;C:\Users\Administrator\AppData\Roaming\npm;F:\BaiduNetdiskDownload\eclipse;;.]
2019-01-08  18:37:01.012 [main] INFO  org.apache.catalina.core.ContainerBase.[Tomcat].[localhost].[/][line-173] - Initializing Spring embedded WebApplicationContext
2019-01-08  18:37:01.013 [main] INFO  org.springframework.web.context.ContextLoader[line-296] - Root WebApplicationContext: initialization completed in 2844 ms
2019-01-08  18:37:01.638 [main] INFO  org.springframework.scheduling.concurrent.ThreadPoolTaskExecutor[line-171] - Initializing ExecutorService 'applicationTaskExecutor'
2019-01-08  18:37:02.019 [main] INFO  org.apache.coyote.http11.Http11NioProtocol[line-173] - Starting ProtocolHandler ["http-nio-8080"]
2019-01-08  18:37:02.033 [main] INFO  org.apache.tomcat.util.net.NioSelectorPool[line-173] - Using a shared selector for servlet write/read
2019-01-08  18:37:02.064 [main] INFO  org.mortbay.log[line-67] - Logging to Logger[org.mortbay.log] via org.mortbay.log.Slf4jLog
2019-01-08  18:37:02.098 [main] INFO  org.springframework.boot.web.embedded.tomcat.TomcatWebServer[line-204] - Tomcat started on port(s): 8080 (http) with context path ''
2019-01-08  18:37:02.103 [main] INFO  com.tyyd.hadoop.HadoopApplication[line-59] - Started HadoopApplication in 4.591 seconds (JVM running for 5.65)
2019-01-08  18:37:12.154 [http-nio-8080-exec-1] INFO  org.apache.catalina.core.ContainerBase.[Tomcat].[localhost].[/][line-173] - Initializing Spring DispatcherServlet 'dispatcherServlet'
2019-01-08  18:37:12.154 [http-nio-8080-exec-1] INFO  org.springframework.web.servlet.DispatcherServlet[line-524] - Initializing Servlet 'dispatcherServlet'
2019-01-08  18:37:12.163 [http-nio-8080-exec-1] INFO  org.springframework.web.servlet.DispatcherServlet[line-546] - Completed initialization in 7 ms
2019-01-08  18:38:26.205 [main] INFO  com.tyyd.hadoop.HadoopApplication[line-50] - Starting HadoopApplication on joechen-PC with PID 2900 (F:\Java8\hadoop\target\classes started by Administrator in F:\Java8\hadoop)
2019-01-08  18:38:26.211 [main] INFO  com.tyyd.hadoop.HadoopApplication[line-675] - No active profile set, falling back to default profiles: default
2019-01-08  18:38:28.524 [main] INFO  org.springframework.boot.web.embedded.tomcat.TomcatWebServer[line-90] - Tomcat initialized with port(s): 8080 (http)
2019-01-08  18:38:28.542 [main] INFO  org.apache.coyote.http11.Http11NioProtocol[line-173] - Initializing ProtocolHandler ["http-nio-8080"]
2019-01-08  18:38:28.563 [main] INFO  org.apache.catalina.core.StandardService[line-173] - Starting service [Tomcat]
2019-01-08  18:38:28.563 [main] INFO  org.apache.catalina.core.StandardEngine[line-173] - Starting Servlet Engine: Apache Tomcat/9.0.13
2019-01-08  18:38:28.576 [main] INFO  org.apache.catalina.core.AprLifecycleListener[line-173] - The APR based Apache Tomcat Native library which allows optimal performance in production environments was not found on the java.library.path: [C:\Program Files\Java\jdk1.8.0_151\bin;C:\Windows\Sun\Java\bin;C:\Windows\system32;C:\Windows;C:/Program Files/Java/jdk1.8.0_151/bin/../jre/bin/server;C:/Program Files/Java/jdk1.8.0_151/bin/../jre/bin;C:/Program Files/Java/jdk1.8.0_151/bin/../jre/lib/amd64;F:\app\Administrator\product\11.2.0\client_1\bin;F:\apache-maven-3.3.9\bin;E:\dev_tools\apache-ant-1.8.4\bin;C:\Program Files\Java\jdk1.8.0_151\bin;C:\Windows\system32;C:\Windows;C:\Windows\System32\Wbem;C:\Windows\System32\WindowsPowerShell\v1.0\;C:\Program Files (x86)\NVIDIA Corporation\PhysX\Common;;C:\Program Files\Intel\WiFi\bin\;C:\Program Files\Common Files\Intel\WirelessCommon\;D:\MySQL\MySQL Server 5.5\bin;F:\apache-maven-3.3.9\bin;D:\Program Files\TortoiseSVN\bin;D:\nodejs\;%ERLANG_HOME%\bin;D:\Program Files\PuTTY\;C:\Program Files (x86)\OpenVPN\bin;C:\Users\Administrator\AppData\Roaming\npm;F:\BaiduNetdiskDownload\eclipse;;.]
2019-01-08  18:38:28.788 [main] INFO  org.apache.catalina.core.ContainerBase.[Tomcat].[localhost].[/][line-173] - Initializing Spring embedded WebApplicationContext
2019-01-08  18:38:28.789 [main] INFO  org.springframework.web.context.ContextLoader[line-296] - Root WebApplicationContext: initialization completed in 2514 ms
2019-01-08  18:38:29.799 [main] INFO  org.springframework.scheduling.concurrent.ThreadPoolTaskExecutor[line-171] - Initializing ExecutorService 'applicationTaskExecutor'
2019-01-08  18:38:30.454 [main] INFO  org.apache.coyote.http11.Http11NioProtocol[line-173] - Starting ProtocolHandler ["http-nio-8080"]
2019-01-08  18:38:30.471 [main] INFO  org.apache.tomcat.util.net.NioSelectorPool[line-173] - Using a shared selector for servlet write/read
2019-01-08  18:38:30.539 [main] INFO  org.mortbay.log[line-67] - Logging to Logger[org.mortbay.log] via org.mortbay.log.Slf4jLog
2019-01-08  18:38:30.576 [main] INFO  org.springframework.boot.web.embedded.tomcat.TomcatWebServer[line-204] - Tomcat started on port(s): 8080 (http) with context path ''
2019-01-08  18:38:30.581 [main] INFO  com.tyyd.hadoop.HadoopApplication[line-59] - Started HadoopApplication in 4.977 seconds (JVM running for 5.922)
2019-01-08  18:38:36.101 [http-nio-8080-exec-1] INFO  org.apache.catalina.core.ContainerBase.[Tomcat].[localhost].[/][line-173] - Initializing Spring DispatcherServlet 'dispatcherServlet'
2019-01-08  18:38:36.102 [http-nio-8080-exec-1] INFO  org.springframework.web.servlet.DispatcherServlet[line-524] - Initializing Servlet 'dispatcherServlet'
2019-01-08  18:38:36.110 [http-nio-8080-exec-1] INFO  org.springframework.web.servlet.DispatcherServlet[line-546] - Completed initialization in 8 ms
2019-01-08  18:40:12.876 [main] INFO  com.tyyd.hadoop.HadoopApplication[line-50] - Starting HadoopApplication on joechen-PC with PID 10620 (F:\Java8\hadoop\target\classes started by Administrator in F:\Java8\hadoop)
2019-01-08  18:40:12.883 [main] INFO  com.tyyd.hadoop.HadoopApplication[line-675] - No active profile set, falling back to default profiles: default
2019-01-08  18:40:15.289 [main] INFO  org.springframework.boot.web.embedded.tomcat.TomcatWebServer[line-90] - Tomcat initialized with port(s): 8080 (http)
2019-01-08  18:40:15.307 [main] INFO  org.apache.coyote.http11.Http11NioProtocol[line-173] - Initializing ProtocolHandler ["http-nio-8080"]
2019-01-08  18:40:15.331 [main] INFO  org.apache.catalina.core.StandardService[line-173] - Starting service [Tomcat]
2019-01-08  18:40:15.332 [main] INFO  org.apache.catalina.core.StandardEngine[line-173] - Starting Servlet Engine: Apache Tomcat/9.0.13
2019-01-08  18:40:15.348 [main] INFO  org.apache.catalina.core.AprLifecycleListener[line-173] - The APR based Apache Tomcat Native library which allows optimal performance in production environments was not found on the java.library.path: [C:\Program Files\Java\jdk1.8.0_151\bin;C:\Windows\Sun\Java\bin;C:\Windows\system32;C:\Windows;C:/Program Files/Java/jdk1.8.0_151/bin/../jre/bin/server;C:/Program Files/Java/jdk1.8.0_151/bin/../jre/bin;C:/Program Files/Java/jdk1.8.0_151/bin/../jre/lib/amd64;F:\app\Administrator\product\11.2.0\client_1\bin;F:\apache-maven-3.3.9\bin;E:\dev_tools\apache-ant-1.8.4\bin;C:\Program Files\Java\jdk1.8.0_151\bin;C:\Windows\system32;C:\Windows;C:\Windows\System32\Wbem;C:\Windows\System32\WindowsPowerShell\v1.0\;C:\Program Files (x86)\NVIDIA Corporation\PhysX\Common;;C:\Program Files\Intel\WiFi\bin\;C:\Program Files\Common Files\Intel\WirelessCommon\;D:\MySQL\MySQL Server 5.5\bin;F:\apache-maven-3.3.9\bin;D:\Program Files\TortoiseSVN\bin;D:\nodejs\;%ERLANG_HOME%\bin;D:\Program Files\PuTTY\;C:\Program Files (x86)\OpenVPN\bin;C:\Users\Administrator\AppData\Roaming\npm;F:\BaiduNetdiskDownload\eclipse;;.]
2019-01-08  18:40:15.571 [main] INFO  org.apache.catalina.core.ContainerBase.[Tomcat].[localhost].[/][line-173] - Initializing Spring embedded WebApplicationContext
2019-01-08  18:40:15.572 [main] INFO  org.springframework.web.context.ContextLoader[line-296] - Root WebApplicationContext: initialization completed in 2601 ms
2019-01-08  18:40:16.256 [main] INFO  org.springframework.scheduling.concurrent.ThreadPoolTaskExecutor[line-171] - Initializing ExecutorService 'applicationTaskExecutor'
2019-01-08  18:40:16.668 [main] INFO  org.apache.coyote.http11.Http11NioProtocol[line-173] - Starting ProtocolHandler ["http-nio-8080"]
2019-01-08  18:40:16.686 [main] INFO  org.apache.tomcat.util.net.NioSelectorPool[line-173] - Using a shared selector for servlet write/read
2019-01-08  18:40:16.719 [main] INFO  org.mortbay.log[line-67] - Logging to Logger[org.mortbay.log] via org.mortbay.log.Slf4jLog
2019-01-08  18:40:16.755 [main] INFO  org.springframework.boot.web.embedded.tomcat.TomcatWebServer[line-204] - Tomcat started on port(s): 8080 (http) with context path ''
2019-01-08  18:40:16.760 [main] INFO  com.tyyd.hadoop.HadoopApplication[line-59] - Started HadoopApplication in 4.466 seconds (JVM running for 5.474)
2019-01-08  18:40:21.994 [http-nio-8080-exec-3] INFO  org.apache.catalina.core.ContainerBase.[Tomcat].[localhost].[/][line-173] - Initializing Spring DispatcherServlet 'dispatcherServlet'
2019-01-08  18:40:21.995 [http-nio-8080-exec-3] INFO  org.springframework.web.servlet.DispatcherServlet[line-524] - Initializing Servlet 'dispatcherServlet'
2019-01-08  18:40:22.003 [http-nio-8080-exec-3] INFO  org.springframework.web.servlet.DispatcherServlet[line-546] - Completed initialization in 8 ms
2019-01-08  18:40:45.173 [main] INFO  com.tyyd.hadoop.HadoopApplication[line-50] - Starting HadoopApplication on joechen-PC with PID 10764 (F:\Java8\hadoop\target\classes started by Administrator in F:\Java8\hadoop)
2019-01-08  18:40:45.182 [main] INFO  com.tyyd.hadoop.HadoopApplication[line-675] - No active profile set, falling back to default profiles: default
2019-01-08  18:40:47.559 [main] INFO  org.springframework.boot.web.embedded.tomcat.TomcatWebServer[line-90] - Tomcat initialized with port(s): 8080 (http)
2019-01-08  18:40:47.577 [main] INFO  org.apache.coyote.http11.Http11NioProtocol[line-173] - Initializing ProtocolHandler ["http-nio-8080"]
2019-01-08  18:40:47.594 [main] INFO  org.apache.catalina.core.StandardService[line-173] - Starting service [Tomcat]
2019-01-08  18:40:47.594 [main] INFO  org.apache.catalina.core.StandardEngine[line-173] - Starting Servlet Engine: Apache Tomcat/9.0.13
2019-01-08  18:40:47.610 [main] INFO  org.apache.catalina.core.AprLifecycleListener[line-173] - The APR based Apache Tomcat Native library which allows optimal performance in production environments was not found on the java.library.path: [C:\Program Files\Java\jdk1.8.0_151\bin;C:\Windows\Sun\Java\bin;C:\Windows\system32;C:\Windows;C:/Program Files/Java/jdk1.8.0_151/bin/../jre/bin/server;C:/Program Files/Java/jdk1.8.0_151/bin/../jre/bin;C:/Program Files/Java/jdk1.8.0_151/bin/../jre/lib/amd64;F:\app\Administrator\product\11.2.0\client_1\bin;F:\apache-maven-3.3.9\bin;E:\dev_tools\apache-ant-1.8.4\bin;C:\Program Files\Java\jdk1.8.0_151\bin;C:\Windows\system32;C:\Windows;C:\Windows\System32\Wbem;C:\Windows\System32\WindowsPowerShell\v1.0\;C:\Program Files (x86)\NVIDIA Corporation\PhysX\Common;;C:\Program Files\Intel\WiFi\bin\;C:\Program Files\Common Files\Intel\WirelessCommon\;D:\MySQL\MySQL Server 5.5\bin;F:\apache-maven-3.3.9\bin;D:\Program Files\TortoiseSVN\bin;D:\nodejs\;%ERLANG_HOME%\bin;D:\Program Files\PuTTY\;C:\Program Files (x86)\OpenVPN\bin;C:\Users\Administrator\AppData\Roaming\npm;F:\BaiduNetdiskDownload\eclipse;;.]
2019-01-08  18:40:47.820 [main] INFO  org.apache.catalina.core.ContainerBase.[Tomcat].[localhost].[/][line-173] - Initializing Spring embedded WebApplicationContext
2019-01-08  18:40:47.821 [main] INFO  org.springframework.web.context.ContextLoader[line-296] - Root WebApplicationContext: initialization completed in 2549 ms
2019-01-08  18:40:48.580 [main] INFO  org.springframework.scheduling.concurrent.ThreadPoolTaskExecutor[line-171] - Initializing ExecutorService 'applicationTaskExecutor'
2019-01-08  18:40:48.971 [main] INFO  org.apache.coyote.http11.Http11NioProtocol[line-173] - Starting ProtocolHandler ["http-nio-8080"]
2019-01-08  18:40:48.988 [main] INFO  org.apache.tomcat.util.net.NioSelectorPool[line-173] - Using a shared selector for servlet write/read
2019-01-08  18:40:49.021 [main] INFO  org.mortbay.log[line-67] - Logging to Logger[org.mortbay.log] via org.mortbay.log.Slf4jLog
2019-01-08  18:40:49.062 [main] INFO  org.springframework.boot.web.embedded.tomcat.TomcatWebServer[line-204] - Tomcat started on port(s): 8080 (http) with context path ''
2019-01-08  18:40:49.068 [main] INFO  com.tyyd.hadoop.HadoopApplication[line-59] - Started HadoopApplication in 4.485 seconds (JVM running for 5.424)
2019-01-08  18:40:55.608 [http-nio-8080-exec-1] INFO  org.apache.catalina.core.ContainerBase.[Tomcat].[localhost].[/][line-173] - Initializing Spring DispatcherServlet 'dispatcherServlet'
2019-01-08  18:40:55.608 [http-nio-8080-exec-1] INFO  org.springframework.web.servlet.DispatcherServlet[line-524] - Initializing Servlet 'dispatcherServlet'
2019-01-08  18:40:55.620 [http-nio-8080-exec-1] INFO  org.springframework.web.servlet.DispatcherServlet[line-546] - Completed initialization in 11 ms
2019-01-08  18:43:02.912 [main] INFO  com.tyyd.hadoop.HadoopApplication[line-50] - Starting HadoopApplication on joechen-PC with PID 10792 (F:\Java8\hadoop\target\classes started by Administrator in F:\Java8\hadoop)
2019-01-08  18:43:02.919 [main] INFO  com.tyyd.hadoop.HadoopApplication[line-675] - No active profile set, falling back to default profiles: default
2019-01-08  18:43:05.505 [main] INFO  org.springframework.boot.web.embedded.tomcat.TomcatWebServer[line-90] - Tomcat initialized with port(s): 8080 (http)
2019-01-08  18:43:05.527 [main] INFO  org.apache.coyote.http11.Http11NioProtocol[line-173] - Initializing ProtocolHandler ["http-nio-8080"]
2019-01-08  18:43:05.547 [main] INFO  org.apache.catalina.core.StandardService[line-173] - Starting service [Tomcat]
2019-01-08  18:43:05.547 [main] INFO  org.apache.catalina.core.StandardEngine[line-173] - Starting Servlet Engine: Apache Tomcat/9.0.13
2019-01-08  18:43:05.563 [main] INFO  org.apache.catalina.core.AprLifecycleListener[line-173] - The APR based Apache Tomcat Native library which allows optimal performance in production environments was not found on the java.library.path: [C:\Program Files\Java\jdk1.8.0_151\bin;C:\Windows\Sun\Java\bin;C:\Windows\system32;C:\Windows;C:/Program Files/Java/jdk1.8.0_151/bin/../jre/bin/server;C:/Program Files/Java/jdk1.8.0_151/bin/../jre/bin;C:/Program Files/Java/jdk1.8.0_151/bin/../jre/lib/amd64;F:\app\Administrator\product\11.2.0\client_1\bin;F:\apache-maven-3.3.9\bin;E:\dev_tools\apache-ant-1.8.4\bin;C:\Program Files\Java\jdk1.8.0_151\bin;C:\Windows\system32;C:\Windows;C:\Windows\System32\Wbem;C:\Windows\System32\WindowsPowerShell\v1.0\;C:\Program Files (x86)\NVIDIA Corporation\PhysX\Common;;C:\Program Files\Intel\WiFi\bin\;C:\Program Files\Common Files\Intel\WirelessCommon\;D:\MySQL\MySQL Server 5.5\bin;F:\apache-maven-3.3.9\bin;D:\Program Files\TortoiseSVN\bin;D:\nodejs\;%ERLANG_HOME%\bin;D:\Program Files\PuTTY\;C:\Program Files (x86)\OpenVPN\bin;C:\Users\Administrator\AppData\Roaming\npm;F:\BaiduNetdiskDownload\eclipse;;.]
2019-01-08  18:43:05.769 [main] INFO  org.apache.catalina.core.ContainerBase.[Tomcat].[localhost].[/][line-173] - Initializing Spring embedded WebApplicationContext
2019-01-08  18:43:05.769 [main] INFO  org.springframework.web.context.ContextLoader[line-296] - Root WebApplicationContext: initialization completed in 2762 ms
2019-01-08  18:43:06.353 [main] INFO  org.springframework.scheduling.concurrent.ThreadPoolTaskExecutor[line-171] - Initializing ExecutorService 'applicationTaskExecutor'
2019-01-08  18:43:06.721 [main] INFO  org.apache.coyote.http11.Http11NioProtocol[line-173] - Starting ProtocolHandler ["http-nio-8080"]
2019-01-08  18:43:06.735 [main] INFO  org.apache.tomcat.util.net.NioSelectorPool[line-173] - Using a shared selector for servlet write/read
2019-01-08  18:43:06.766 [main] INFO  org.mortbay.log[line-67] - Logging to Logger[org.mortbay.log] via org.mortbay.log.Slf4jLog
2019-01-08  18:43:06.793 [main] INFO  org.springframework.boot.web.embedded.tomcat.TomcatWebServer[line-204] - Tomcat started on port(s): 8080 (http) with context path ''
2019-01-08  18:43:06.797 [main] INFO  com.tyyd.hadoop.HadoopApplication[line-59] - Started HadoopApplication in 4.463 seconds (JVM running for 5.468)
2019-01-08  18:43:10.513 [http-nio-8080-exec-1] INFO  org.apache.catalina.core.ContainerBase.[Tomcat].[localhost].[/][line-173] - Initializing Spring DispatcherServlet 'dispatcherServlet'
2019-01-08  18:43:10.513 [http-nio-8080-exec-1] INFO  org.springframework.web.servlet.DispatcherServlet[line-524] - Initializing Servlet 'dispatcherServlet'
2019-01-08  18:43:10.521 [http-nio-8080-exec-1] INFO  org.springframework.web.servlet.DispatcherServlet[line-546] - Completed initialization in 8 ms
2019-01-08  18:44:16.632 [main] INFO  com.tyyd.hadoop.HadoopApplication[line-50] - Starting HadoopApplication on joechen-PC with PID 2500 (F:\Java8\hadoop\target\classes started by Administrator in F:\Java8\hadoop)
2019-01-08  18:44:16.638 [main] INFO  com.tyyd.hadoop.HadoopApplication[line-675] - No active profile set, falling back to default profiles: default
2019-01-08  18:44:19.156 [main] INFO  org.springframework.boot.web.embedded.tomcat.TomcatWebServer[line-90] - Tomcat initialized with port(s): 8080 (http)
2019-01-08  18:44:19.176 [main] INFO  org.apache.coyote.http11.Http11NioProtocol[line-173] - Initializing ProtocolHandler ["http-nio-8080"]
2019-01-08  18:44:19.193 [main] INFO  org.apache.catalina.core.StandardService[line-173] - Starting service [Tomcat]
2019-01-08  18:44:19.195 [main] INFO  org.apache.catalina.core.StandardEngine[line-173] - Starting Servlet Engine: Apache Tomcat/9.0.13
2019-01-08  18:44:19.206 [main] INFO  org.apache.catalina.core.AprLifecycleListener[line-173] - The APR based Apache Tomcat Native library which allows optimal performance in production environments was not found on the java.library.path: [C:\Program Files\Java\jdk1.8.0_151\bin;C:\Windows\Sun\Java\bin;C:\Windows\system32;C:\Windows;C:/Program Files/Java/jdk1.8.0_151/bin/../jre/bin/server;C:/Program Files/Java/jdk1.8.0_151/bin/../jre/bin;C:/Program Files/Java/jdk1.8.0_151/bin/../jre/lib/amd64;F:\app\Administrator\product\11.2.0\client_1\bin;F:\apache-maven-3.3.9\bin;E:\dev_tools\apache-ant-1.8.4\bin;C:\Program Files\Java\jdk1.8.0_151\bin;C:\Windows\system32;C:\Windows;C:\Windows\System32\Wbem;C:\Windows\System32\WindowsPowerShell\v1.0\;C:\Program Files (x86)\NVIDIA Corporation\PhysX\Common;;C:\Program Files\Intel\WiFi\bin\;C:\Program Files\Common Files\Intel\WirelessCommon\;D:\MySQL\MySQL Server 5.5\bin;F:\apache-maven-3.3.9\bin;D:\Program Files\TortoiseSVN\bin;D:\nodejs\;%ERLANG_HOME%\bin;D:\Program Files\PuTTY\;C:\Program Files (x86)\OpenVPN\bin;C:\Users\Administrator\AppData\Roaming\npm;F:\BaiduNetdiskDownload\eclipse;;.]
2019-01-08  18:44:19.441 [main] INFO  org.apache.catalina.core.ContainerBase.[Tomcat].[localhost].[/hadoop][line-173] - Initializing Spring embedded WebApplicationContext
2019-01-08  18:44:19.441 [main] INFO  org.springframework.web.context.ContextLoader[line-296] - Root WebApplicationContext: initialization completed in 2709 ms
2019-01-08  18:44:20.223 [main] INFO  org.springframework.scheduling.concurrent.ThreadPoolTaskExecutor[line-171] - Initializing ExecutorService 'applicationTaskExecutor'
2019-01-08  18:44:20.632 [main] INFO  org.apache.coyote.http11.Http11NioProtocol[line-173] - Starting ProtocolHandler ["http-nio-8080"]
2019-01-08  18:44:20.647 [main] INFO  org.apache.tomcat.util.net.NioSelectorPool[line-173] - Using a shared selector for servlet write/read
2019-01-08  18:44:20.678 [main] INFO  org.mortbay.log[line-67] - Logging to Logger[org.mortbay.log] via org.mortbay.log.Slf4jLog
2019-01-08  18:44:20.704 [main] INFO  org.springframework.boot.web.embedded.tomcat.TomcatWebServer[line-204] - Tomcat started on port(s): 8080 (http) with context path '/hadoop'
2019-01-08  18:44:20.709 [main] INFO  com.tyyd.hadoop.HadoopApplication[line-59] - Started HadoopApplication in 4.666 seconds (JVM running for 5.636)
2019-01-08  18:44:27.285 [http-nio-8080-exec-6] INFO  org.apache.catalina.core.ContainerBase.[Tomcat].[localhost].[/hadoop][line-173] - Initializing Spring DispatcherServlet 'dispatcherServlet'
2019-01-08  18:44:27.286 [http-nio-8080-exec-6] INFO  org.springframework.web.servlet.DispatcherServlet[line-524] - Initializing Servlet 'dispatcherServlet'
2019-01-08  18:44:27.296 [http-nio-8080-exec-6] INFO  org.springframework.web.servlet.DispatcherServlet[line-546] - Completed initialization in 9 ms
